---- save_product called: 2026-01-09T10:43:07+01:00 ----
POST: Array
(
    [id] => 16
    [name] => SOLAR BENEFIT PACKAGE-Empowering Homes & Businesses with Clean, Reliable Energy
    [category] => Solar
    [price] => 1880000.00
    [brand] => Ddbuilding
    [description] => Say goodbye to power outages and rising electricity bills with our Solar Benefits Package—a complete, expertly engineered solution by DD Building Technology Solutions.

Whether you’re looking to secure energy independence for your home or elevate your business with sustainable power, this package delivers unmatched efficiency, durability, and performance.

What’s Inside the Package
– 4 Mono Crystalline Solar Panels

Harness the sun with high-efficiency mono panels built to convert maximum sunlight into clean, usable energy—even in low-light conditions.

– 2 Tubular Batteries
Get powerful, long-lasting energy storage designed for deep cycles and minimal maintenance, ensuring power when you need it most.

– 5KVA Inverter
Our premium inverter offers stable power conversion, protecting your appliances and supporting seamless electricity delivery throughout the day.

Power Capacity
This robust package is capable of running:
– ✅ Solar fan
– ✅ Lighting systems
– ✅ Laptop & mobile phone charging
– ✅ Television
– ✅ Refrigerator
– ✅ Washing machine
– ✅ 1HP air conditioner

Ideal for households and small businesses looking to run daily essentials and more, with peace of mind and zero noise.

Limited Time Offer – 30% Discount!
– Original Price: ₦2,685,800
– Now: ₦1,880,000

Installation handled by our certified professionals ensures safety, reliability, and optimal system performance—no hassle, just clean energy.

 

Why Choose DD Tech?
With  a proven track record, we deliver tailored energy solutions backed by quality components, professional installations, and ongoing support.

Our clients trust us because we don’t just sell solar—we build energy independence.

📞 Call Now: 08066113394 | 09161212301
🌐 Visit: [www.ddbuildingtechnology.com](http://www.ddbuildingtech.com)
    [tags] => energy,renewable,solar
    [spec_title] => Array
        (
            [0] => Panel
        )

    [spec_detail] => Array
        (
            [0] => 1kwh
        )

)

FILES keys: Array
(
    [0] => image_main
    [1] => image_1
    [2] => image_2
    [3] => image_3
)

Prepared SQL: UPDATE products SET name = ?, category = ?, price = ?, brand = ?, description = ?, tags = ?, specifications = ?, is_featured = ? WHERE id = ?
Types: ssdssssii
Params: Array
(
    [0] => SOLAR BENEFIT PACKAGE-Empowering Homes & Businesses with Clean, Reliable Energy
    [1] => Solar
    [2] => 1880000.00
    [3] => Ddbuilding
    [4] => Say goodbye to power outages and rising electricity bills with our Solar Benefits Package—a complete, expertly engineered solution by DD Building Technology Solutions.

Whether you’re looking to secure energy independence for your home or elevate your business with sustainable power, this package delivers unmatched efficiency, durability, and performance.

What’s Inside the Package
– 4 Mono Crystalline Solar Panels

Harness the sun with high-efficiency mono panels built to convert maximum sunlight into clean, usable energy—even in low-light conditions.

– 2 Tubular Batteries
Get powerful, long-lasting energy storage designed for deep cycles and minimal maintenance, ensuring power when you need it most.

– 5KVA Inverter
Our premium inverter offers stable power conversion, protecting your appliances and supporting seamless electricity delivery throughout the day.

Power Capacity
This robust package is capable of running:
– ✅ Solar fan
– ✅ Lighting systems
– ✅ Laptop & mobile phone charging
– ✅ Television
– ✅ Refrigerator
– ✅ Washing machine
– ✅ 1HP air conditioner

Ideal for households and small businesses looking to run daily essentials and more, with peace of mind and zero noise.

Limited Time Offer – 30% Discount!
– Original Price: ₦2,685,800
– Now: ₦1,880,000

Installation handled by our certified professionals ensures safety, reliability, and optimal system performance—no hassle, just clean energy.

 

Why Choose DD Tech?
With  a proven track record, we deliver tailored energy solutions backed by quality components, professional installations, and ongoing support.

Our clients trust us because we don’t just sell solar—we build energy independence.

📞 Call Now: 08066113394 | 09161212301
🌐 Visit: [www.ddbuildingtechnology.com](http://www.ddbuildingtech.com)
    [5] => energy,renewable,solar
    [6] => [{"title":"Panel","detail":"1kwh"}]
    [7] => 0
    [8] => 16
)

---- save_product called: 2026-01-09T10:46:46+01:00 ----
POST: Array
(
    [id] => 16
    [name] => SOLAR BENEFIT PACKAGE-Empowering Homes & Businesses with Clean, Reliable Energy
    [category] => Solar
    [price] => 1880000.00
    [brand] => Ddbuilding
    [description] => Say goodbye to power outages and rising electricity bills with our Solar Benefits Package—a complete, expertly engineered solution by DD Building Technology Solutions.

Whether you’re looking to secure energy independence for your home or elevate your business with sustainable power, this package delivers unmatched efficiency, durability, and performance.

What’s Inside the Package
– 4 Mono Crystalline Solar Panels

Harness the sun with high-efficiency mono panels built to convert maximum sunlight into clean, usable energy—even in low-light conditions.

– 2 Tubular Batteries
Get powerful, long-lasting energy storage designed for deep cycles and minimal maintenance, ensuring power when you need it most.

– 5KVA Inverter
Our premium inverter offers stable power conversion, protecting your appliances and supporting seamless electricity delivery throughout the day.

Power Capacity
This robust package is capable of running:
– ✅ Solar fan
– ✅ Lighting systems
– ✅ Laptop & mobile phone charging
– ✅ Television
– ✅ Refrigerator
– ✅ Washing machine
– ✅ 1HP air conditioner

Ideal for households and small businesses looking to run daily essentials and more, with peace of mind and zero noise.

Limited Time Offer – 30% Discount!
– Original Price: ₦2,685,800
– Now: ₦1,880,000

Installation handled by our certified professionals ensures safety, reliability, and optimal system performance—no hassle, just clean energy.

 

Why Choose DD Tech?
With  a proven track record, we deliver tailored energy solutions backed by quality components, professional installations, and ongoing support.

Our clients trust us because we don’t just sell solar—we build energy independence.

📞 Call Now: 08066113394 | 09161212301
🌐 Visit: [www.ddbuildingtechnology.com](http://www.ddbuildingtech.com)
    [tags] => energy,renewable,solar
    [spec_title] => Array
        (
            [0] => Panel
        )

    [spec_detail] => Array
        (
            [0] => 1kwh
        )

)

FILES keys: Array
(
    [0] => image_main
    [1] => image_1
    [2] => image_2
    [3] => image_3
)

Prepared SQL: UPDATE products SET name = ?, category = ?, price = ?, brand = ?, description = ?, tags = ?, specifications = ?, is_featured = ? WHERE id = ?
Types: ssdssssii
Params: Array
(
    [0] => SOLAR BENEFIT PACKAGE-Empowering Homes & Businesses with Clean, Reliable Energy
    [1] => Solar
    [2] => 1880000.00
    [3] => Ddbuilding
    [4] => Say goodbye to power outages and rising electricity bills with our Solar Benefits Package—a complete, expertly engineered solution by DD Building Technology Solutions.

Whether you’re looking to secure energy independence for your home or elevate your business with sustainable power, this package delivers unmatched efficiency, durability, and performance.

What’s Inside the Package
– 4 Mono Crystalline Solar Panels

Harness the sun with high-efficiency mono panels built to convert maximum sunlight into clean, usable energy—even in low-light conditions.

– 2 Tubular Batteries
Get powerful, long-lasting energy storage designed for deep cycles and minimal maintenance, ensuring power when you need it most.

– 5KVA Inverter
Our premium inverter offers stable power conversion, protecting your appliances and supporting seamless electricity delivery throughout the day.

Power Capacity
This robust package is capable of running:
– ✅ Solar fan
– ✅ Lighting systems
– ✅ Laptop & mobile phone charging
– ✅ Television
– ✅ Refrigerator
– ✅ Washing machine
– ✅ 1HP air conditioner

Ideal for households and small businesses looking to run daily essentials and more, with peace of mind and zero noise.

Limited Time Offer – 30% Discount!
– Original Price: ₦2,685,800
– Now: ₦1,880,000

Installation handled by our certified professionals ensures safety, reliability, and optimal system performance—no hassle, just clean energy.

 

Why Choose DD Tech?
With  a proven track record, we deliver tailored energy solutions backed by quality components, professional installations, and ongoing support.

Our clients trust us because we don’t just sell solar—we build energy independence.

📞 Call Now: 08066113394 | 09161212301
🌐 Visit: [www.ddbuildingtechnology.com](http://www.ddbuildingtech.com)
    [5] => energy,renewable,solar
    [6] => [{"title":"Panel","detail":"1kwh"}]
    [7] => 0
    [8] => 16
)

---- save_product called: 2026-01-09T10:47:25+01:00 ----
POST: Array
(
    [id] => 16
    [name] => SOLAR BENEFIT PACKAGE-Empowering Homes & Businesses with Clean, Reliable Energy
    [category] => Solar
    [price] => 1880000.00
    [brand] => Ddbuilding
    [description] => Say goodbye to power outages and rising electricity bills with our Solar Benefits Package—a complete, expertly engineered solution by DD Building Technology Solutions.

Whether you’re looking to secure energy independence for your home or elevate your business with sustainable power, this package delivers unmatched efficiency, durability, and performance.

What’s Inside the Package
– 4 Mono Crystalline Solar Panels

Harness the sun with high-efficiency mono panels built to convert maximum sunlight into clean, usable energy—even in low-light conditions.

– 2 Tubular Batteries
Get powerful, long-lasting energy storage designed for deep cycles and minimal maintenance, ensuring power when you need it most.

– 5KVA Inverter
Our premium inverter offers stable power conversion, protecting your appliances and supporting seamless electricity delivery throughout the day.

Power Capacity
This robust package is capable of running:
– ✅ Solar fan
– ✅ Lighting systems
– ✅ Laptop & mobile phone charging
– ✅ Television
– ✅ Refrigerator
– ✅ Washing machine
– ✅ 1HP air conditioner

Ideal for households and small businesses looking to run daily essentials and more, with peace of mind and zero noise.

Limited Time Offer – 30% Discount!
– Original Price: ₦2,685,800
– Now: ₦1,880,000

Installation handled by our certified professionals ensures safety, reliability, and optimal system performance—no hassle, just clean energy.

 

Why Choose DD Tech?
With  a proven track record, we deliver tailored energy solutions backed by quality components, professional installations, and ongoing support.

Our clients trust us because we don’t just sell solar—we build energy independence.

📞 Call Now: 08066113394 | 09161212301
🌐 Visit: [www.ddbuildingtechnology.com](http://www.ddbuildingtech.com)
    [tags] => energy,renewable,solar
    [spec_title] => Array
        (
            [0] => Panel
        )

    [spec_detail] => Array
        (
            [0] => 1kwh
        )

)

FILES keys: Array
(
    [0] => image_main
    [1] => image_1
    [2] => image_2
    [3] => image_3
)

Prepared SQL: UPDATE products SET name = ?, category = ?, price = ?, brand = ?, description = ?, tags = ?, specifications = ?, is_featured = ? WHERE id = ?
Types: ssdssssii
Params: Array
(
    [0] => SOLAR BENEFIT PACKAGE-Empowering Homes & Businesses with Clean, Reliable Energy
    [1] => Solar
    [2] => 1880000.00
    [3] => Ddbuilding
    [4] => Say goodbye to power outages and rising electricity bills with our Solar Benefits Package—a complete, expertly engineered solution by DD Building Technology Solutions.

Whether you’re looking to secure energy independence for your home or elevate your business with sustainable power, this package delivers unmatched efficiency, durability, and performance.

What’s Inside the Package
– 4 Mono Crystalline Solar Panels

Harness the sun with high-efficiency mono panels built to convert maximum sunlight into clean, usable energy—even in low-light conditions.

– 2 Tubular Batteries
Get powerful, long-lasting energy storage designed for deep cycles and minimal maintenance, ensuring power when you need it most.

– 5KVA Inverter
Our premium inverter offers stable power conversion, protecting your appliances and supporting seamless electricity delivery throughout the day.

Power Capacity
This robust package is capable of running:
– ✅ Solar fan
– ✅ Lighting systems
– ✅ Laptop & mobile phone charging
– ✅ Television
– ✅ Refrigerator
– ✅ Washing machine
– ✅ 1HP air conditioner

Ideal for households and small businesses looking to run daily essentials and more, with peace of mind and zero noise.

Limited Time Offer – 30% Discount!
– Original Price: ₦2,685,800
– Now: ₦1,880,000

Installation handled by our certified professionals ensures safety, reliability, and optimal system performance—no hassle, just clean energy.

 

Why Choose DD Tech?
With  a proven track record, we deliver tailored energy solutions backed by quality components, professional installations, and ongoing support.

Our clients trust us because we don’t just sell solar—we build energy independence.

📞 Call Now: 08066113394 | 09161212301
🌐 Visit: [www.ddbuildingtechnology.com](http://www.ddbuildingtech.com)
    [5] => energy,renewable,solar
    [6] => [{"title":"Panel","detail":"1kwh"}]
    [7] => 0
    [8] => 16
)

---- save_product called: 2026-01-09T10:50:29+01:00 ----
POST: Array
(
    [id] => 16
    [name] => SOLAR BENEFIT PACKAGE-Empowering Homes & Businesses with Clean, Reliable Energy
    [category] => Solar
    [price] => 1880000.00
    [brand] => Ddbuilding
    [description] => Say goodbye to power outages and rising electricity bills with our Solar Benefits Package—a complete, expertly engineered solution by DD Building Technology Solutions.

Whether you’re looking to secure energy independence for your home or elevate your business with sustainable power, this package delivers unmatched efficiency, durability, and performance.

What’s Inside the Package
– 4 Mono Crystalline Solar Panels

Harness the sun with high-efficiency mono panels built to convert maximum sunlight into clean, usable energy—even in low-light conditions.

– 2 Tubular Batteries
Get powerful, long-lasting energy storage designed for deep cycles and minimal maintenance, ensuring power when you need it most.

– 5KVA Inverter
Our premium inverter offers stable power conversion, protecting your appliances and supporting seamless electricity delivery throughout the day.

Power Capacity
This robust package is capable of running:
– ✅ Solar fan
– ✅ Lighting systems
– ✅ Laptop & mobile phone charging
– ✅ Television
– ✅ Refrigerator
– ✅ Washing machine
– ✅ 1HP air conditioner

Ideal for households and small businesses looking to run daily essentials and more, with peace of mind and zero noise.

Limited Time Offer – 30% Discount!
– Original Price: ₦2,685,800
– Now: ₦1,880,000

Installation handled by our certified professionals ensures safety, reliability, and optimal system performance—no hassle, just clean energy.

 

Why Choose DD Tech?
With  a proven track record, we deliver tailored energy solutions backed by quality components, professional installations, and ongoing support.

Our clients trust us because we don’t just sell solar—we build energy independence.

📞 Call Now: 08066113394 | 09161212301
🌐 Visit: [www.ddbuildingtechnology.com](http://www.ddbuildingtech.com)
    [tags] => energy,renewable,solar
    [spec_title] => Array
        (
            [0] => Panel
        )

    [spec_detail] => Array
        (
            [0] => 1kwh
        )

)

FILES keys: Array
(
    [0] => image_main
    [1] => image_1
    [2] => image_2
    [3] => image_3
)

Prepared SQL: UPDATE products SET name = ?, category = ?, price = ?, brand = ?, description = ?, tags = ?, specifications = ?, is_featured = ? WHERE id = ?
Types: ssdssssii
Params: Array
(
    [0] => SOLAR BENEFIT PACKAGE-Empowering Homes & Businesses with Clean, Reliable Energy
    [1] => Solar
    [2] => 1880000.00
    [3] => Ddbuilding
    [4] => Say goodbye to power outages and rising electricity bills with our Solar Benefits Package—a complete, expertly engineered solution by DD Building Technology Solutions.

Whether you’re looking to secure energy independence for your home or elevate your business with sustainable power, this package delivers unmatched efficiency, durability, and performance.

What’s Inside the Package
– 4 Mono Crystalline Solar Panels

Harness the sun with high-efficiency mono panels built to convert maximum sunlight into clean, usable energy—even in low-light conditions.

– 2 Tubular Batteries
Get powerful, long-lasting energy storage designed for deep cycles and minimal maintenance, ensuring power when you need it most.

– 5KVA Inverter
Our premium inverter offers stable power conversion, protecting your appliances and supporting seamless electricity delivery throughout the day.

Power Capacity
This robust package is capable of running:
– ✅ Solar fan
– ✅ Lighting systems
– ✅ Laptop & mobile phone charging
– ✅ Television
– ✅ Refrigerator
– ✅ Washing machine
– ✅ 1HP air conditioner

Ideal for households and small businesses looking to run daily essentials and more, with peace of mind and zero noise.

Limited Time Offer – 30% Discount!
– Original Price: ₦2,685,800
– Now: ₦1,880,000

Installation handled by our certified professionals ensures safety, reliability, and optimal system performance—no hassle, just clean energy.

 

Why Choose DD Tech?
With  a proven track record, we deliver tailored energy solutions backed by quality components, professional installations, and ongoing support.

Our clients trust us because we don’t just sell solar—we build energy independence.

📞 Call Now: 08066113394 | 09161212301
🌐 Visit: [www.ddbuildingtechnology.com](http://www.ddbuildingtech.com)
    [5] => energy,renewable,solar
    [6] => [{"title":"Panel","detail":"1kwh"}]
    [7] => 0
    [8] => 16
)

---- save_product called: 2026-01-09T10:52:52+01:00 ----
POST: Array
(
    [id] => 16
    [name] => SOLAR BENEFIT PACKAGE-Empowering Homes & Businesses with Clean, Reliable Energy
    [category] => Solar
    [price] => 1880000.00
    [brand] => Ddbuilding
    [description] => Say goodbye to power outages and rising electricity bills with our Solar Benefits Package—a complete, expertly engineered solution by DD Building Technology Solutions.

Whether you’re looking to secure energy independence for your home or elevate your business with sustainable power, this package delivers unmatched efficiency, durability, and performance.

What’s Inside the Package
– 4 Mono Crystalline Solar Panels

Harness the sun with high-efficiency mono panels built to convert maximum sunlight into clean, usable energy—even in low-light conditions.

– 2 Tubular Batteries
Get powerful, long-lasting energy storage designed for deep cycles and minimal maintenance, ensuring power when you need it most.

– 5KVA Inverter
Our premium inverter offers stable power conversion, protecting your appliances and supporting seamless electricity delivery throughout the day.

Power Capacity
This robust package is capable of running:
– ✅ Solar fan
– ✅ Lighting systems
– ✅ Laptop & mobile phone charging
– ✅ Television
– ✅ Refrigerator
– ✅ Washing machine
– ✅ 1HP air conditioner

Ideal for households and small businesses looking to run daily essentials and more, with peace of mind and zero noise.

Limited Time Offer – 30% Discount!
– Original Price: ₦2,685,800
– Now: ₦1,880,000

Installation handled by our certified professionals ensures safety, reliability, and optimal system performance—no hassle, just clean energy.

 

Why Choose DD Tech?
With  a proven track record, we deliver tailored energy solutions backed by quality components, professional installations, and ongoing support.

Our clients trust us because we don’t just sell solar—we build energy independence.

📞 Call Now: 08066113394 | 09161212301
🌐 Visit: [www.ddbuildingtechnology.com](http://www.ddbuildingtech.com)
    [tags] => energy,renewable,solar
    [spec_title] => Array
        (
            [0] => Panel
        )

    [spec_detail] => Array
        (
            [0] => 1kwh
        )

)

FILES keys: Array
(
    [0] => image_main
    [1] => image_1
    [2] => image_2
    [3] => image_3
)

Prepared SQL: UPDATE products SET name = ?, category = ?, price = ?, brand = ?, description = ?, tags = ?, specifications = ?, is_featured = ? WHERE id = ?
Types: ssdssssii
Params: Array
(
    [0] => SOLAR BENEFIT PACKAGE-Empowering Homes & Businesses with Clean, Reliable Energy
    [1] => Solar
    [2] => 1880000.00
    [3] => Ddbuilding
    [4] => Say goodbye to power outages and rising electricity bills with our Solar Benefits Package—a complete, expertly engineered solution by DD Building Technology Solutions.

Whether you’re looking to secure energy independence for your home or elevate your business with sustainable power, this package delivers unmatched efficiency, durability, and performance.

What’s Inside the Package
– 4 Mono Crystalline Solar Panels

Harness the sun with high-efficiency mono panels built to convert maximum sunlight into clean, usable energy—even in low-light conditions.

– 2 Tubular Batteries
Get powerful, long-lasting energy storage designed for deep cycles and minimal maintenance, ensuring power when you need it most.

– 5KVA Inverter
Our premium inverter offers stable power conversion, protecting your appliances and supporting seamless electricity delivery throughout the day.

Power Capacity
This robust package is capable of running:
– ✅ Solar fan
– ✅ Lighting systems
– ✅ Laptop & mobile phone charging
– ✅ Television
– ✅ Refrigerator
– ✅ Washing machine
– ✅ 1HP air conditioner

Ideal for households and small businesses looking to run daily essentials and more, with peace of mind and zero noise.

Limited Time Offer – 30% Discount!
– Original Price: ₦2,685,800
– Now: ₦1,880,000

Installation handled by our certified professionals ensures safety, reliability, and optimal system performance—no hassle, just clean energy.

 

Why Choose DD Tech?
With  a proven track record, we deliver tailored energy solutions backed by quality components, professional installations, and ongoing support.

Our clients trust us because we don’t just sell solar—we build energy independence.

📞 Call Now: 08066113394 | 09161212301
🌐 Visit: [www.ddbuildingtechnology.com](http://www.ddbuildingtech.com)
    [5] => energy,renewable,solar
    [6] => [{"title":"Panel","detail":"1kwh"}]
    [7] => 0
    [8] => 16
)

---- save_product called: 2026-01-09T10:56:45+01:00 ----
POST: Array
(
    [id] => 16
    [name] => SOLAR BENEFIT PACKAGE-Empowering Homes & Businesses with Clean, Reliable Energy
    [category] => Solar
    [price] => 1880000.00
    [brand] => Ddbuilding
    [description] => Say goodbye to power outages and rising electricity bills with our Solar Benefits Package—a complete, expertly engineered solution by DD Building Technology Solutions.

Whether you’re looking to secure energy independence for your home or elevate your business with sustainable power, this package delivers unmatched efficiency, durability, and performance.

What’s Inside the Package
– 4 Mono Crystalline Solar Panels

Harness the sun with high-efficiency mono panels built to convert maximum sunlight into clean, usable energy—even in low-light conditions.

– 2 Tubular Batteries
Get powerful, long-lasting energy storage designed for deep cycles and minimal maintenance, ensuring power when you need it most.

– 5KVA Inverter
Our premium inverter offers stable power conversion, protecting your appliances and supporting seamless electricity delivery throughout the day.

Power Capacity
This robust package is capable of running:
– ✅ Solar fan
– ✅ Lighting systems
– ✅ Laptop & mobile phone charging
– ✅ Television
– ✅ Refrigerator
– ✅ Washing machine
– ✅ 1HP air conditioner

Ideal for households and small businesses looking to run daily essentials and more, with peace of mind and zero noise.

Limited Time Offer – 30% Discount!
– Original Price: ₦2,685,800
– Now: ₦1,880,000

Installation handled by our certified professionals ensures safety, reliability, and optimal system performance—no hassle, just clean energy.

 

Why Choose DD Tech?
With  a proven track record, we deliver tailored energy solutions backed by quality components, professional installations, and ongoing support.

Our clients trust us because we don’t just sell solar—we build energy independence.

📞 Call Now: 08066113394 | 09161212301
🌐 Visit: [www.ddbuildingtechnology.com](http://www.ddbuildingtech.com)
    [tags] => energy,renewable,solar
    [spec_title] => Array
        (
            [0] => Panel
            [1] => Panel
        )

    [spec_detail] => Array
        (
            [0] => 1kwh
            [1] => 1kwh
        )

)

FILES keys: Array
(
    [0] => image_main
    [1] => image_1
    [2] => image_2
    [3] => image_3
)

Prepared SQL: UPDATE products SET name = ?, category = ?, price = ?, brand = ?, description = ?, tags = ?, specifications = ?, is_featured = ? WHERE id = ?
Types: ssdssssii
Params: Array
(
    [0] => SOLAR BENEFIT PACKAGE-Empowering Homes & Businesses with Clean, Reliable Energy
    [1] => Solar
    [2] => 1880000.00
    [3] => Ddbuilding
    [4] => Say goodbye to power outages and rising electricity bills with our Solar Benefits Package—a complete, expertly engineered solution by DD Building Technology Solutions.

Whether you’re looking to secure energy independence for your home or elevate your business with sustainable power, this package delivers unmatched efficiency, durability, and performance.

What’s Inside the Package
– 4 Mono Crystalline Solar Panels

Harness the sun with high-efficiency mono panels built to convert maximum sunlight into clean, usable energy—even in low-light conditions.

– 2 Tubular Batteries
Get powerful, long-lasting energy storage designed for deep cycles and minimal maintenance, ensuring power when you need it most.

– 5KVA Inverter
Our premium inverter offers stable power conversion, protecting your appliances and supporting seamless electricity delivery throughout the day.

Power Capacity
This robust package is capable of running:
– ✅ Solar fan
– ✅ Lighting systems
– ✅ Laptop & mobile phone charging
– ✅ Television
– ✅ Refrigerator
– ✅ Washing machine
– ✅ 1HP air conditioner

Ideal for households and small businesses looking to run daily essentials and more, with peace of mind and zero noise.

Limited Time Offer – 30% Discount!
– Original Price: ₦2,685,800
– Now: ₦1,880,000

Installation handled by our certified professionals ensures safety, reliability, and optimal system performance—no hassle, just clean energy.

 

Why Choose DD Tech?
With  a proven track record, we deliver tailored energy solutions backed by quality components, professional installations, and ongoing support.

Our clients trust us because we don’t just sell solar—we build energy independence.

📞 Call Now: 08066113394 | 09161212301
🌐 Visit: [www.ddbuildingtechnology.com](http://www.ddbuildingtech.com)
    [5] => energy,renewable,solar
    [6] => [{"title":"Panel","detail":"1kwh"},{"title":"Panel","detail":"1kwh"}]
    [7] => 0
    [8] => 16
)

---- save_product called: 2026-01-09T11:15:39+01:00 ----
POST: Array
(
    [id] => 16
    [name] => SOLAR BENEFIT PACKAGE-Empowering Homes & Businesses with Clean, Reliable Energy
    [category] => Solar
    [price] => 1880000.00
    [brand] => Ddbuilding
    [description] => Say goodbye to power outages and rising electricity bills with our Solar Benefits Package—a complete, expertly engineered solution by DD Building Technology Solutions.

Whether you’re looking to secure energy independence for your home or elevate your business with sustainable power, this package delivers unmatched efficiency, durability, and performance.

What’s Inside the Package
– 4 Mono Crystalline Solar Panels

Harness the sun with high-efficiency mono panels built to convert maximum sunlight into clean, usable energy—even in low-light conditions.

– 2 Tubular Batteries
Get powerful, long-lasting energy storage designed for deep cycles and minimal maintenance, ensuring power when you need it most.

– 5KVA Inverter
Our premium inverter offers stable power conversion, protecting your appliances and supporting seamless electricity delivery throughout the day.

Power Capacity
This robust package is capable of running:
– ✅ Solar fan
– ✅ Lighting systems
– ✅ Laptop & mobile phone charging
– ✅ Television
– ✅ Refrigerator
– ✅ Washing machine
– ✅ 1HP air conditioner

Ideal for households and small businesses looking to run daily essentials and more, with peace of mind and zero noise.

Limited Time Offer – 30% Discount!
– Original Price: ₦2,685,800
– Now: ₦1,880,000

Installation handled by our certified professionals ensures safety, reliability, and optimal system performance—no hassle, just clean energy.

 

Why Choose DD Tech?
With  a proven track record, we deliver tailored energy solutions backed by quality components, professional installations, and ongoing support.

Our clients trust us because we don’t just sell solar—we build energy independence.

📞 Call Now: 08066113394 | 09161212301
🌐 Visit: [www.ddbuildingtechnology.com](http://www.ddbuildingtech.com)
    [tags] => energy,renewable,solar
    [spec_title] => Array
        (
            [0] => Panel
        )

    [spec_detail] => Array
        (
            [0] => 1kwh
        )

)

FILES keys: Array
(
    [0] => image_main
    [1] => image_1
    [2] => image_2
    [3] => image_3
)

Prepared SQL: UPDATE products SET name = ?, category = ?, price = ?, brand = ?, description = ?, tags = ?, specifications = ?, is_featured = ? WHERE id = ?
Types: ssdssssii
Params: Array
(
    [0] => SOLAR BENEFIT PACKAGE-Empowering Homes & Businesses with Clean, Reliable Energy
    [1] => Solar
    [2] => 1880000.00
    [3] => Ddbuilding
    [4] => Say goodbye to power outages and rising electricity bills with our Solar Benefits Package—a complete, expertly engineered solution by DD Building Technology Solutions.

Whether you’re looking to secure energy independence for your home or elevate your business with sustainable power, this package delivers unmatched efficiency, durability, and performance.

What’s Inside the Package
– 4 Mono Crystalline Solar Panels

Harness the sun with high-efficiency mono panels built to convert maximum sunlight into clean, usable energy—even in low-light conditions.

– 2 Tubular Batteries
Get powerful, long-lasting energy storage designed for deep cycles and minimal maintenance, ensuring power when you need it most.

– 5KVA Inverter
Our premium inverter offers stable power conversion, protecting your appliances and supporting seamless electricity delivery throughout the day.

Power Capacity
This robust package is capable of running:
– ✅ Solar fan
– ✅ Lighting systems
– ✅ Laptop & mobile phone charging
– ✅ Television
– ✅ Refrigerator
– ✅ Washing machine
– ✅ 1HP air conditioner

Ideal for households and small businesses looking to run daily essentials and more, with peace of mind and zero noise.

Limited Time Offer – 30% Discount!
– Original Price: ₦2,685,800
– Now: ₦1,880,000

Installation handled by our certified professionals ensures safety, reliability, and optimal system performance—no hassle, just clean energy.

 

Why Choose DD Tech?
With  a proven track record, we deliver tailored energy solutions backed by quality components, professional installations, and ongoing support.

Our clients trust us because we don’t just sell solar—we build energy independence.

📞 Call Now: 08066113394 | 09161212301
🌐 Visit: [www.ddbuildingtechnology.com](http://www.ddbuildingtech.com)
    [5] => energy,renewable,solar
    [6] => [{"title":"Panel","detail":"1kwh"}]
    [7] => 0
    [8] => 16
)

Shutdown Error: Array
(
    [type] => 1
    [message] => Uncaught mysqli_sql_exception: Unknown column 'tags' in 'field list' in C:\xampp\htdocs\dd2\admin\api.php:239
Stack trace:
#0 C:\xampp\htdocs\dd2\admin\api.php(239): mysqli->prepare('UPDATE products...')
#1 {main}
  thrown
    [file] => C:\xampp\htdocs\dd2\admin\api.php
    [line] => 239
)

---- save_product called: 2026-01-09T11:22:08+01:00 ----
POST: Array
(
    [id] => 
    [name] => SOLAR BENEFIT PACKAGE-Empowering Homes & Businesses with Clean, Reliable Energy
    [category] => Solar
    [price] => 1880000
    [brand] => Ddbuilding
    [description] => 
    [tags] => energy,renewable,solar
    [spec_title] => Array
        (
            [0] => Panel
        )

    [spec_detail] => Array
        (
            [0] => 1kwh
        )

)

FILES keys: Array
(
    [0] => image_main
    [1] => image_1
    [2] => image_2
    [3] => image_3
)

Insert SQL: INSERT INTO products (name, category, price, brand, description, tags, specifications, image_main, image_1, image_2, image_3, is_featured) VALUES (?, ?, ?, ?, ?, ?, ?, ?, ?, ?, ?, ?)
Shutdown Error: Array
(
    [type] => 1
    [message] => Uncaught mysqli_sql_exception: Unknown column 'tags' in 'field list' in C:\xampp\htdocs\dd2\admin\api.php:257
Stack trace:
#0 C:\xampp\htdocs\dd2\admin\api.php(257): mysqli->prepare('INSERT INTO pro...')
#1 {main}
  thrown
    [file] => C:\xampp\htdocs\dd2\admin\api.php
    [line] => 257
)

---- save_product called: 2026-01-09T11:28:05+01:00 ----
POST: Array
(
    [id] => 
    [name] => SOLAR BENEFIT PACKAGE-Empowering Homes & Businesses with Clean, Reliable Energy
    [category] => Solar
    [price] => 1880000
    [brand] => Ddbuilding
    [description] => 
    [tags] => energy,renewable,solar
    [spec_title] => Array
        (
            [0] => Panel
        )

    [spec_detail] => Array
        (
            [0] => 1kwh
        )

)

FILES keys: Array
(
    [0] => image_main
    [1] => image_1
    [2] => image_2
    [3] => image_3
)

Insert SQL: INSERT INTO products (name, category, price, brand, description, tags, specifications, image_main, image_1, image_2, image_3, is_featured) VALUES (?, ?, ?, ?, ?, ?, ?, ?, ?, ?, ?, ?)
Shutdown Error: Array
(
    [type] => 1
    [message] => Uncaught mysqli_sql_exception: Unknown column 'tags' in 'field list' in C:\xampp\htdocs\dd2\admin\api.php:257
Stack trace:
#0 C:\xampp\htdocs\dd2\admin\api.php(257): mysqli->prepare('INSERT INTO pro...')
#1 {main}
  thrown
    [file] => C:\xampp\htdocs\dd2\admin\api.php
    [line] => 257
)

---- save_product called: 2026-01-09T11:33:43+01:00 ----
POST: Array
(
    [id] => 
    [name] => Solar Street Light
    [category] => solar street lights
    [price] => 2000000
    [brand] => Ddbuilding
    [description] => testing...
    [tags] => energy,renewable,solar
    [spec_title] => Array
        (
            [0] => Panel
        )

    [spec_detail] => Array
        (
            [0] => 1kwh
        )

)

FILES keys: Array
(
    [0] => image_main
    [1] => image_1
    [2] => image_2
    [3] => image_3
)

Insert SQL: INSERT INTO products (name, category, price, brand, description, tags, specifications, image_main, image_1, image_2, image_3, is_featured) VALUES (?, ?, ?, ?, ?, ?, ?, ?, ?, ?, ?, ?)
Shutdown Error: Array
(
    [type] => 1
    [message] => Uncaught mysqli_sql_exception: Unknown column 'tags' in 'field list' in C:\xampp\htdocs\dd2\admin\api.php:257
Stack trace:
#0 C:\xampp\htdocs\dd2\admin\api.php(257): mysqli->prepare('INSERT INTO pro...')
#1 {main}
  thrown
    [file] => C:\xampp\htdocs\dd2\admin\api.php
    [line] => 257
)

---- save_product called: 2026-01-09T11:35:19+01:00 ----
POST: Array
(
)

FILES keys: Array
(
)

---- save_product called: 2026-01-09T11:36:23+01:00 ----
POST: Array
(
)

FILES keys: Array
(
)

---- save_product called: 2026-01-09T11:41:34+01:00 ----
POST: Array
(
    [id] => 
    [name] => Solar Street Light
    [category] => solar street lights
    [price] => 200000
    [brand] => Ddbuilding
    [description] => testing...
    [tags] => energy,renewable,solar
    [spec_title] => Array
        (
            [0] => Panel
        )

    [spec_detail] => Array
        (
            [0] => 1kwh
        )

)

FILES keys: Array
(
    [0] => image_main
    [1] => image_1
    [2] => image_2
    [3] => image_3
)

Insert SQL: INSERT INTO products (name, category, price, brand, description, tags, specifications, image_main, image_1, image_2, image_3, is_featured) VALUES (?, ?, ?, ?, ?, ?, ?, ?, ?, ?, ?, ?)
Shutdown Error: Array
(
    [type] => 1
    [message] => Uncaught mysqli_sql_exception: Unknown column 'tags' in 'field list' in C:\xampp\htdocs\dd2\admin\api.php:257
Stack trace:
#0 C:\xampp\htdocs\dd2\admin\api.php(257): mysqli->prepare('INSERT INTO pro...')
#1 {main}
  thrown
    [file] => C:\xampp\htdocs\dd2\admin\api.php
    [line] => 257
)

---- save_product called: 2026-01-09T11:53:51+01:00 ----
POST: Array
(
    [id] => 
    [name] => Solar Street Light
    [category] => solar street lights
    [price] => 200000
    [brand] => Ddbuilding
    [description] => testing...
    [tags] => energy,renewable,solar
    [spec_title] => Array
        (
            [0] => Panel
        )

    [spec_detail] => Array
        (
            [0] => 1kwh
        )

)

FILES keys: Array
(
    [0] => image_main
    [1] => image_1
    [2] => image_2
    [3] => image_3
)

Adding missing column: tags with SQL: ALTER TABLE products ADD COLUMN `tags` TEXT NULL
Added column tags successfully.
Adding missing column: specifications with SQL: ALTER TABLE products ADD COLUMN `specifications` TEXT NULL
Added column specifications successfully.
Insert SQL: INSERT INTO products (name, category, price, brand, description, tags, specifications, image_main, image_1, image_2, image_3, is_featured) VALUES (?, ?, ?, ?, ?, ?, ?, ?, ?, ?, ?, ?)
About to execute statement...
Execute success.
---- save_product called: 2026-01-09T11:54:23+01:00 ----
POST: Array
(
    [id] => 19
    [name] => Solar Street Light
    [category] => solar street lights
    [price] => 200000.00
    [brand] => Ddbuilding
    [description] => testing gain...
    [tags] => energy,renewable,solar
    [spec_title] => Array
        (
            [0] => Panel
        )

    [spec_detail] => Array
        (
            [0] => 1kwh
        )

)

FILES keys: Array
(
    [0] => image_main
    [1] => image_1
    [2] => image_2
    [3] => image_3
)

Prepared SQL: UPDATE products SET name = ?, category = ?, price = ?, brand = ?, description = ?, tags = ?, specifications = ?, is_featured = ? WHERE id = ?
Types: ssdssssii
Params: Array
(
    [0] => Solar Street Light
    [1] => solar street lights
    [2] => 200000.00
    [3] => Ddbuilding
    [4] => testing gain...
    [5] => energy,renewable,solar
    [6] => [{"title":"Panel","detail":"1kwh"}]
    [7] => 0
    [8] => 19
)

Prepare OK. bind_ok=1
About to execute statement...
Execute success.
---- save_product called: 2026-01-14T13:21:50+01:00 ----
POST: Array
(
    [id] => 
    [name] => SOLAR BENEFIT PACKAGE-Empowering Homes & Businesses with Clean, Reliable Energy
    [main_category_id] => 6
    [category] => 9
    [category_id] => 9
    [price] => 76644
    [brand] => Somto
    [description] => hlifufigbih
    [tags] => energy,renewable,solar
    [spec_title] => Array
        (
            [0] => Panel
        )

    [spec_detail] => Array
        (
            [0] => 1kwh
        )

)

FILES keys: Array
(
    [0] => image_main
    [1] => image_1
    [2] => image_2
    [3] => image_3
)

Insert SQL: INSERT INTO products (name, category, category_id, price, brand, description, tags, specifications, image_main, image_1, image_2, image_3, is_featured) VALUES (?, ?, ?, ?, ?, ?, ?, ?, ?, ?, ?, ?, ?)
About to execute statement...
Execute success.
---- save_product called: 2026-01-14T13:34:14+01:00 ----
POST: Array
(
    [id] => 
    [name] => SOLAR BENEFIT PACKAGE-Empowering Homes & Businesses with Clean, Reliable Energy
    [main_category_id] => 6
    [category] => Lithium1
    [category_id] => 7
    [price] => 1231111
    [brand] => Ddbuilding
    [description] => 11DCQQWEC
    [tags] => energy,renewable,solar
    [spec_title] => Array
        (
            [0] => eyes
        )

    [spec_detail] => Array
        (
            [0] => 8 eyes
        )

)

FILES keys: Array
(
    [0] => image_main
    [1] => image_1
    [2] => image_2
    [3] => image_3
)

Insert SQL: INSERT INTO products (name, category, category_id, price, brand, description, tags, specifications, image_main, image_1, image_2, image_3, is_featured) VALUES (?, ?, ?, ?, ?, ?, ?, ?, ?, ?, ?, ?, ?)
About to execute statement...
Execute success.
---- save_product called: 2026-01-19T08:17:19+01:00 ----
POST: Array
(
    [id] => 
    [name] => Product  description test
    [main_category_id] => 6
    [category] => 
    [category_id] => 6
    [price] => 43333335333334
    [brand] => Ddbuilding
    [description] => Fastest Charging in the Industry - Fully recharge the portable power station using an AC outlet in only 1 hour with EcoFlow’s X-Stream fast charging technology.

 

Power All Your Essentials - With an output of up to 600W, run 5 essential appliances simultaneously without worrying about overloading. With a whole host of ports, from 300W AC outlet to USB-C, we’ve got all your device’s plugs covered.

 

LFP Lasting-Life Battery - Using LFP battery cells, use and recharge RIVER 2 more than 3000 times before hitting 80%. That’s almost 10 years of regular use. RIVER 2 includes advanced protection, monitoring voltage, current, and temperature to keep your LFP battery running for years.

 

Fast Solar Charging- Use clean, green renewable energy to recharge RIVER 2 in as fast as 3 hours with 110W solar input.

 

Light & Portable - With a lightweight of only 3.5kg, RIVER 2 is the ideal portable power station for all your off-grid adventures. With a built-in handle, this portable battery is easy and convenient to take anywhere you need power.

 

[What’s included] RIVER 2 portable power station, AC charging cable, car charging cable, user manual, and a 5-year warranty.
    [tags] => energy,renewable,solar
    [spec_title] => Array
        (
            [0] => Panel
        )

    [spec_detail] => Array
        (
            [0] => 1kwh
        )

)

FILES keys: Array
(
    [0] => image_main
    [1] => image_1
    [2] => image_2
    [3] => image_3
)

Insert SQL: INSERT INTO products (name, category, category_id, price, brand, description, tags, specifications, image_main, image_1, image_2, image_3, is_featured) VALUES (?, ?, ?, ?, ?, ?, ?, ?, ?, ?, ?, ?, ?)
About to execute statement...
Execute success.
---- save_product called: 2026-03-04T11:42:57+00:00 ----
POST: Array
(
    [id] => 
    [name] => Pbax switch 16 extension
    [main_category_id] => 2
    [category] => Telephone Switching System
    [category_id] => 125
    [price] => 95000
    [brand] => Pbax
    [description] => PABX Switch 16 Extension
The PABX Switch 16 Extension is a reliable telephone switching system designed to streamline communication within offices, hotels, schools, and business environments. It allows multiple internal telephone extensions to connect through a single central system, enabling seamless internal communication and efficient call management.

With support for up to 16 extensions, this PABX system reduces communication costs by allowing internal calls between staff without using external phone lines. It also enhances productivity by offering useful call management features such as call transfer, call forwarding, and caller ID support.
    [tags] => Pbax, 16 extension, intercom system, telephone, communication system 
    [spec_title] => Array
        (
            [0] => Supports Up to 16 Extensions
            [1] => Internal Call Communication
            [2] => Caller ID Support
            [3] => Call Forwarding
            [4] => Call Transfer Function
            [5] => Three-Way Conferencing
            [6] => Compact & Durable Design
        )

    [spec_detail] => Array
        (
            [0] => Connect multiple office telephones to one central communication system.
            [1] => Staff can call each other internally without using external phone networks.
            [2] => Displays incoming caller information for better call management.
            [3] => Forward calls to another extension when unavailable.
            [4] => Transfer incoming calls to another office or department easily.
            [5] => Allows multiple participants to join a single conversation.
            [6] => Designed for long-term operation with stable performance.
        )

)

Normalized price: raw=95000 normalized=95000
FILES keys: Array
(
    [0] => image_main
    [1] => image_1
    [2] => image_2
    [3] => image_3
)

Insert SQL: INSERT INTO products (name, category, category_id, price, brand, description, tags, specifications, image_main, image_1, image_2, image_3, is_featured) VALUES (?, ?, ?, ?, ?, ?, ?, ?, ?, ?, ?, ?, ?)
About to execute statement...
Execute success.
---- save_product called: 2026-03-04T11:47:27+00:00 ----
POST: Array
(
    [id] => 154
    [name] => PABX Switch 16 Extension
    [main_category_id] => 2
    [category] => Telephone Switching System
    [category_id] => 125
    [price] => 95000.00
    [brand] => Pabx
    [description] => PABX Switch 16 Extension

The PABX Switch 16 Extension is a reliable telephone switching system designed to streamline communication within offices, hotels, schools, and business environments. It allows multiple internal telephone extensions to connect through a single central system, enabling seamless internal communication and efficient call management.

With support for up to 16 extensions, this PABX system reduces communication costs by allowing internal calls between staff without using external phone lines. It also enhances productivity by offering useful call management features such as call transfer, call forwarding, and caller ID support.
    [tags] => Pabx, 16 extension, intercom system, telephone, communication system 
    [spec_title] => Array
        (
            [0] => Supports Up to 16 Extensions
            [1] => Internal Call Communication
            [2] => Caller ID Support
            [3] => Call Forwarding
            [4] => Call Transfer Function
            [5] => Three-Way Conferencing
            [6] => Compact & Durable Design
        )

    [spec_detail] => Array
        (
            [0] => Connect multiple office telephones to one central communication system.
            [1] => Staff can call each other internally without using external phone networks.
            [2] => Displays incoming caller information for better call management.
            [3] => Forward calls to another extension when unavailable.
            [4] => Transfer incoming calls to another office or department easily.
            [5] => Allows multiple participants to join a single conversation.
            [6] => Designed for long-term operation with stable performance.
        )

)

Normalized price: raw=95000.00 normalized=95000.00
FILES keys: Array
(
    [0] => image_main
    [1] => image_1
    [2] => image_2
    [3] => image_3
)

Prepared SQL: UPDATE products SET name = ?, category = ?, category_id = ?, price = ?, brand = ?, description = ?, tags = ?, specifications = ?, is_featured = ? WHERE id = ?
Types: ssidssssii
Params: Array
(
    [0] => PABX Switch 16 Extension
    [1] => Telephone Switching System
    [2] => 125
    [3] => 95000.00
    [4] => Pabx
    [5] => PABX Switch 16 Extension

The PABX Switch 16 Extension is a reliable telephone switching system designed to streamline communication within offices, hotels, schools, and business environments. It allows multiple internal telephone extensions to connect through a single central system, enabling seamless internal communication and efficient call management.

With support for up to 16 extensions, this PABX system reduces communication costs by allowing internal calls between staff without using external phone lines. It also enhances productivity by offering useful call management features such as call transfer, call forwarding, and caller ID support.
    [6] => Pabx, 16 extension, intercom system, telephone, communication system 
    [7] => [{"title":"Supports Up to 16 Extensions","detail":"Connect multiple office telephones to one central communication system."},{"title":"Internal Call Communication","detail":"Staff can call each other internally without using external phone networks."},{"title":"Caller ID Support","detail":"Displays incoming caller information for better call management."},{"title":"Call Forwarding","detail":"Forward calls to another extension when unavailable."},{"title":"Call Transfer Function","detail":"Transfer incoming calls to another office or department easily."},{"title":"Three-Way Conferencing","detail":"Allows multiple participants to join a single conversation."},{"title":"Compact & Durable Design","detail":"Designed for long-term operation with stable performance."}]
    [8] => 0
    [9] => 154
)

Prepare OK. bind_ok=1
About to execute statement...
Execute success.
